Unity Editor version:    2021.3.4f1 (cb45f9cae8b7)
Branch:                  2021.3/staging
Build type:              Release
Batch mode:              YES
macOS version:           Version 11.6.6 (Build 20G624)
Darwin version:          20.6.0
Architecture:            x86_64
Running under Rosetta:   NO
Available memory:        32768 MB
Using pre-set license
Pro License: YES

COMMAND LINE ARGUMENTS:
/opt/goinfre/kferterb/2021.3.4f1/Unity.app/Contents/MacOS/Unity
-adb2
-batchMode
-noUpm
-name
AssetImportWorker0
-projectPath
/opt/goinfre/kferterb/day06_4
-logFile
Logs/AssetImportWorker0.log
-srvPort
62325
Successfully changed project path to: /opt/goinfre/kferterb/day06_4
/opt/goinfre/kferterb/day06_4
[UnityMemory] Configuration Parameters - Can be set up in boot.config
    "memorysetup-bucket-allocator-granularity=16"
    "memorysetup-bucket-allocator-bucket-count=8"
    "memorysetup-bucket-allocator-block-size=33554432"
    "memorysetup-bucket-allocator-block-count=8"
    "memorysetup-main-allocator-block-size=16777216"
    "memorysetup-thread-allocator-block-size=16777216"
    "memorysetup-gfx-main-allocator-block-size=16777216"
    "memorysetup-gfx-thread-allocator-block-size=16777216"
    "memorysetup-cache-allocator-block-size=4194304"
    "memorysetup-typetree-allocator-block-size=2097152"
    "memorysetup-profiler-bucket-allocator-granularity=16"
    "memorysetup-profiler-bucket-allocator-bucket-count=8"
    "memorysetup-profiler-bucket-allocator-block-size=33554432"
    "memorysetup-profiler-bucket-allocator-block-count=8"
    "memorysetup-profiler-allocator-block-size=16777216"
    "memorysetup-profiler-editor-allocator-block-size=1048576"
    "memorysetup-temp-allocator-size-main=16777216"
    "memorysetup-job-temp-allocator-block-size=2097152"
    "memorysetup-job-temp-allocator-block-size-background=1048576"
    "memorysetup-job-temp-allocator-reduction-small-platforms=262144"
    "memorysetup-temp-allocator-size-background-worker=32768"
    "memorysetup-temp-allocator-size-job-worker=262144"
    "memorysetup-temp-allocator-size-preload-manager=33554432"
    "memorysetup-temp-allocator-size-nav-mesh-worker=65536"
    "memorysetup-temp-allocator-size-audio-worker=65536"
    "memorysetup-temp-allocator-size-cloud-worker=32768"
    "memorysetup-temp-allocator-size-gi-baking-worker=262144"
    "memorysetup-temp-allocator-size-gfx=262144"
Refreshing native plugins compatible for Editor in 48.12 ms, found 2 plugins.
Preloading 0 native plugins for Editor in 0.00 ms.
Initialize engine version: 2021.3.4f1 (cb45f9cae8b7)
[Subsystems] Discovering subsystems at path /opt/goinfre/kferterb/2021.3.4f1/Unity.app/Contents/Resources/UnitySubsystems
[Subsystems] Discovering subsystems at path /opt/goinfre/kferterb/day06_4/Assets
GfxDevice: creating device client; threaded=0; jobified=0
iMac preferred device: AMD Radeon Pro 570X (high power)
Metal devices available: 1
0: AMD Radeon Pro 570X (high power)
Using device AMD Radeon Pro 570X (high power)
Initializing Metal device caps: AMD Radeon Pro 570X
Initialize mono
Mono path[0] = '/opt/goinfre/kferterb/2021.3.4f1/Unity.app/Contents/Managed'
Mono path[1] = '/opt/goinfre/kferterb/2021.3.4f1/Unity.app/Contents/MonoBleedingEdge/lib/mono/unityjit-macos'
Mono config path = '/opt/goinfre/kferterb/2021.3.4f1/Unity.app/Contents/MonoBleedingEdge/etc'
Using monoOptions --debugger-agent=transport=dt_socket,embedding=1,server=y,suspend=n,address=127.0.0.1:56596
Begin MonoManager ReloadAssembly
Registering precompiled unity dll's ...
Register platform support module: /opt/goinfre/kferterb/2021.3.4f1/PlaybackEngines/WebGLSupport/UnityEditor.WebGL.Extensions.dll
Register platform support module: /opt/goinfre/kferterb/2021.3.4f1/Unity.app/Contents/PlaybackEngines/MacStandaloneSupport/UnityEditor.OSXStandalone.Extensions.dll
Registered in 0.001149 seconds.
Native extension for OSXStandalone target not found
Native extension for WebGL target not found
Refreshing native plugins compatible for Editor in 42.31 ms, found 2 plugins.
Preloading 0 native plugins for Editor in 0.00 ms.
Mono: successfully reloaded assembly
- Completed reload, in  0.662 seconds
Domain Reload Profiling:
	ReloadAssembly (663ms)
		BeginReloadAssembly (59ms)
			ExecutionOrderSort (0ms)
			DisableScriptedObjects (0ms)
			BackupInstance (0ms)
			ReleaseScriptingObjects (0ms)
			CreateAndSetChildDomain (1ms)
		EndReloadAssembly (473ms)
			LoadAssemblies (59ms)
			RebuildTransferFunctionScriptingTraits (0ms)
			SetupTypeCache (138ms)
			ReleaseScriptCaches (0ms)
			RebuildScriptCaches (34ms)
			SetupLoadedEditorAssemblies (249ms)
				LogAssemblyErrors (0ms)
				InitializePlatformSupportModulesInManaged (8ms)
				SetLoadedEditorAssemblies (0ms)
				RefreshPlugins (42ms)
				BeforeProcessingInitializeOnLoad (1ms)
				ProcessInitializeOnLoadAttributes (150ms)
				ProcessInitializeOnLoadMethodAttributes (48ms)
				AfterProcessingInitializeOnLoad (0ms)
				EditorAssembliesLoaded (0ms)
			ExecutionOrderSort2 (0ms)
			AwakeInstancesAfterBackupRestoration (0ms)
Platform modules already initialized, skipping
Registering precompiled user dll's ...
Registered in 0.001669 seconds.
Begin MonoManager ReloadAssembly
Native extension for OSXStandalone target not found
Native extension for WebGL target not found
Refreshing native plugins compatible for Editor in 0.66 ms, found 2 plugins.
Preloading 0 native plugins for Editor in 0.00 ms.
Package Manager log level set to [2]
Mono: successfully reloaded assembly
- Completed reload, in  1.102 seconds
Domain Reload Profiling:
	ReloadAssembly (1103ms)
		BeginReloadAssembly (106ms)
			ExecutionOrderSort (0ms)
			DisableScriptedObjects (7ms)
			BackupInstance (0ms)
			ReleaseScriptingObjects (0ms)
			CreateAndSetChildDomain (29ms)
		EndReloadAssembly (861ms)
			LoadAssemblies (56ms)
			RebuildTransferFunctionScriptingTraits (0ms)
			SetupTypeCache (234ms)
			ReleaseScriptCaches (0ms)
			RebuildScriptCaches (58ms)
			SetupLoadedEditorAssemblies (457ms)
				LogAssemblyErrors (0ms)
				InitializePlatformSupportModulesInManaged (5ms)
				SetLoadedEditorAssemblies (1ms)
				RefreshPlugins (1ms)
				BeforeProcessingInitializeOnLoad (61ms)
				ProcessInitializeOnLoadAttributes (246ms)
				ProcessInitializeOnLoadMethodAttributes (142ms)
				AfterProcessingInitializeOnLoad (1ms)
				EditorAssembliesLoaded (0ms)
			ExecutionOrderSort2 (0ms)
			AwakeInstancesAfterBackupRestoration (4ms)
Platform modules already initialized, skipping
========================================================================
Worker process is ready to serve import requests
Launching external process: /opt/goinfre/kferterb/2021.3.4f1/Unity.app/Contents/Tools/UnityShaderCompiler
Launched and connected shader compiler UnityShaderCompiler after 0.01 seconds
Refreshing native plugins compatible for Editor in 0.63 ms, found 2 plugins.
Preloading 0 native plugins for Editor in 0.00 ms.
Unloading 2455 Unused Serialized files (Serialized files now loaded: 0)
Unloading 60 unused Assets / (0.5 MB). Loaded Objects now: 2895.
Memory consumption went from 199.9 MB to 199.4 MB.
Total: 6.492162 ms (FindLiveObjects: 0.188647 ms CreateObjectMapping: 0.130498 ms MarkObjects: 5.847579 ms  DeleteObjects: 0.324714 ms)

AssetImportParameters requested are different than current active one (requested -> active):
  custom:video-decoder-ogg-theora: a1e56fd34408186e4bbccfd4996cb3dc -> 
  custom:container-muxer-webm: aa71ff27fc2769a1b78a27578f13a17b -> 
  custom:container-demuxer-webm: 4f35f7cbe854078d1ac9338744f61a02 -> 
  custom:video-encoder-webm-vp8: eb34c28f22e8b96e1ab97ce403110664 -> 
  custom:framework-osx-AVFoundation: e770b220cccbd017edd2c1fefb359320 -> 
  custom:audio-encoder-webm-vorbis: bf7c407c2cedff20999df2af8eb42d56 -> 
  custom:container-demuxer-ogg: 62fdf1f143b41e24485cea50d1cbac27 -> 
  custom:video-decoder-webm-vp8: 9c59270c3fd7afecdb556c50c9e8de78 -> 
  custom:audio-decoder-ogg-vorbis: bf7c407c2cedff20999df2af8eb42d56 -> 
========================================================================
Received Import Request.
  Time since last request: 142648.239725 seconds.
  path: Assets/New Terrain 1.asset
  artifactKey: Guid(cccfbc6d73d0e4cd5975c6d44ced892a) Importer(815301076,1909f56bfc062723c751e8b465ee728b)
Start importing Assets/New Terrain 1.asset using Guid(cccfbc6d73d0e4cd5975c6d44ced892a) Importer(815301076,1909f56bfc062723c751e8b465ee728b)  -> (artifact id: 'ad453e5808671558fb9797afa9f749f8') in 0.734531 seconds 
========================================================================
Received Import Request.
  Time since last request: 0.000092 seconds.
  path: Assets/New Terrain 3.asset
  artifactKey: Guid(f42067065e2c6428cb722135f18d2cd4) Importer(815301076,1909f56bfc062723c751e8b465ee728b)
Start importing Assets/New Terrain 3.asset using Guid(f42067065e2c6428cb722135f18d2cd4) Importer(815301076,1909f56bfc062723c751e8b465ee728b)  -> (artifact id: '25cb4a85e6601b3fc6aaf6720544d09f') in 0.043098 seconds 
========================================================================
Received Import Request.
  Time since last request: 0.000083 seconds.
  path: Assets/New Terrain 2.asset
  artifactKey: Guid(05baf961bd01440cf8c21f1bbd8ea1ce) Importer(815301076,1909f56bfc062723c751e8b465ee728b)
Start importing Assets/New Terrain 2.asset using Guid(05baf961bd01440cf8c21f1bbd8ea1ce) Importer(815301076,1909f56bfc062723c751e8b465ee728b)  -> (artifact id: '1d923e0e0ac0852dc0e04ae991928358') in 0.063434 seconds 
========================================================================
Received Import Request.
  Time since last request: 0.000084 seconds.
  path: Assets/New Terrain.asset
  artifactKey: Guid(3cf3019495e0a43d5b206c24ed22c8b0) Importer(815301076,1909f56bfc062723c751e8b465ee728b)
Start importing Assets/New Terrain.asset using Guid(3cf3019495e0a43d5b206c24ed22c8b0) Importer(815301076,1909f56bfc062723c751e8b465ee728b)  -> (artifact id: 'b7d36af81d31dad73ea6321c52cbe96e') in 0.070506 seconds 
========================================================================
Received Import Request.
  Time since last request: 75.540760 seconds.
  path: Assets/Stealth Assets/Animations/Humanoid/humanoid_walkForward_faceForward.fbx
  artifactKey: Guid(b1a5e04ae51004842aba06704a6c2903) Importer(815301076,1909f56bfc062723c751e8b465ee728b)
Start importing Assets/Stealth Assets/Animations/Humanoid/humanoid_walkForward_faceForward.fbx using Guid(b1a5e04ae51004842aba06704a6c2903) Importer(815301076,1909f56bfc062723c751e8b465ee728b)  -> (artifact id: '2be61acdc654823957d1362e00f6e0d9') in 0.268297 seconds 
========================================================================
Received Import Request.
  Time since last request: 16.743888 seconds.
  path: Assets/Stealth Assets/Animations/Humanoid/humanoid_runForward_turnMedium.fbx
  artifactKey: Guid(f2bed5dc5afacff44a00de8daae9703b) Importer(815301076,1909f56bfc062723c751e8b465ee728b)
Start importing Assets/Stealth Assets/Animations/Humanoid/humanoid_runForward_turnMedium.fbx using Guid(f2bed5dc5afacff44a00de8daae9703b) Importer(815301076,1909f56bfc062723c751e8b465ee728b)  -> (artifact id: 'e77c60b046a1484df4645ee7fa8e4fa7') in 0.010365 seconds 
========================================================================
Received Import Request.
  Time since last request: 14.425345 seconds.
  path: Assets/Stealth Assets/Animations/Humanoid/humanoid_walkForward_turnWide.fbx
  artifactKey: Guid(6bb9737c88e5309458a1e0e764137dfd) Importer(815301076,1909f56bfc062723c751e8b465ee728b)
Start importing Assets/Stealth Assets/Animations/Humanoid/humanoid_walkForward_turnWide.fbx using Guid(6bb9737c88e5309458a1e0e764137dfd) Importer(815301076,1909f56bfc062723c751e8b465ee728b)  -> (artifact id: '01b5274590a9dac0ee5c371d7ab42a37') in 0.010807 seconds 
========================================================================
Received Import Request.
  Time since last request: 15.403499 seconds.
  path: Assets/Stealth Assets/Animations/Humanoid/humanoid_walkForward_turnShort.fbx
  artifactKey: Guid(bb141fc9a700c9c4ca7e6dadb8acf24b) Importer(815301076,1909f56bfc062723c751e8b465ee728b)
Start importing Assets/Stealth Assets/Animations/Humanoid/humanoid_walkForward_turnShort.fbx using Guid(bb141fc9a700c9c4ca7e6dadb8acf24b) Importer(815301076,1909f56bfc062723c751e8b465ee728b)  -> (artifact id: 'fa86a2ff4a1c2263764cdac48ad210ca') in 0.010783 seconds 
========================================================================
Received Import Request.
  Time since last request: 18.070961 seconds.
  path: Assets/Stealth Assets/Animations/Humanoid/humanoid_runForward_faceForward.fbx
  artifactKey: Guid(1cb8ed3cbba15f0479fbae54e0a963df) Importer(815301076,1909f56bfc062723c751e8b465ee728b)
Start importing Assets/Stealth Assets/Animations/Humanoid/humanoid_runForward_faceForward.fbx using Guid(1cb8ed3cbba15f0479fbae54e0a963df) Importer(815301076,1909f56bfc062723c751e8b465ee728b)  -> (artifact id: '2e7e1bd74cebd3c70515d1a9d2efc2ab') in 0.009871 seconds 
========================================================================
Received Import Request.
  Time since last request: 11.768850 seconds.
  path: Assets/Stealth Assets/Animations/Humanoid/humanoid_walkForward_turnMedium.fbx
  artifactKey: Guid(6da89662649b53c49b06616f51157b48) Importer(815301076,1909f56bfc062723c751e8b465ee728b)
Start importing Assets/Stealth Assets/Animations/Humanoid/humanoid_walkForward_turnMedium.fbx using Guid(6da89662649b53c49b06616f51157b48) Importer(815301076,1909f56bfc062723c751e8b465ee728b)  -> (artifact id: 'c261adc92e5a94282fbc44da1cce38ec') in 0.010557 seconds 
========================================================================
Received Import Request.
  Time since last request: 8.634570 seconds.
  path: Assets/Stealth Assets/Animations/Humanoid/humanoid_turnOnSpot.fbx
  artifactKey: Guid(4ee731d726c3dd34eb36806ea0d8fe98) Importer(815301076,1909f56bfc062723c751e8b465ee728b)
Start importing Assets/Stealth Assets/Animations/Humanoid/humanoid_turnOnSpot.fbx using Guid(4ee731d726c3dd34eb36806ea0d8fe98) Importer(815301076,1909f56bfc062723c751e8b465ee728b)  -> (artifact id: '98117c5f5c5d8f932295ec16da84ee2c') in 0.014631 seconds 
========================================================================
Received Import Request.
  Time since last request: 9.858785 seconds.
  path: Assets/Stealth Assets/Animations/Humanoid/humanoid_idle.fbx
  artifactKey: Guid(dffa50cfe77e0434bbfa71245b3dd529) Importer(815301076,1909f56bfc062723c751e8b465ee728b)
Start importing Assets/Stealth Assets/Animations/Humanoid/humanoid_idle.fbx using Guid(dffa50cfe77e0434bbfa71245b3dd529) Importer(815301076,1909f56bfc062723c751e8b465ee728b)  -> (artifact id: '152c95b98ba6d72c4928ff2ca7f47cf9') in 0.011892 seconds 
========================================================================
Received Import Request.
  Time since last request: 13.716172 seconds.
  path: Assets/Scenes/d06.unity
  artifactKey: Guid(efe98b6ed453d4bd3959196ecbe6252c) Importer(815301076,1909f56bfc062723c751e8b465ee728b)
Start importing Assets/Scenes/d06.unity using Guid(efe98b6ed453d4bd3959196ecbe6252c) Importer(815301076,1909f56bfc062723c751e8b465ee728b)  -> (artifact id: 'd9689725af22b31861ec5c133000d6bd') in 0.004509 seconds 
